CRITICAL - 2022-07-01 11:23:00 --> Invalid file: v_kategori.php
in SYSTEMPATH\Exceptions\FrameworkException.php on line 33.
 1 SYSTEMPATH\View\View.php(201): CodeIgniter\Exceptions\FrameworkException::forInvalidFile('v_kategori.php')
 2 SYSTEMPATH\Common.php(1135): CodeIgniter\View\View->render('v_kategori', [], true)
 3 APPPATH\Views\layout\v_content.php(3): view('v_kategori')
 4 SYSTEMPATH\View\View.php(213): include('APPPATH\\Views\\layout\\v_content.php')
 5 SYSTEMPATH\View\View.php(216): CodeIgniter\View\View->CodeIgniter\View\{closure}()
 6 SYSTEMPATH\Common.php(1135): CodeIgniter\View\View->render('layout/v_content', [], true)
 7 APPPATH\Views\layout\v_wrapper.php(6): view('layout/v_content')
 8 SYSTEMPATH\View\View.php(213): include('APPPATH\\Views\\layout\\v_wrapper.php')
 9 SYSTEMPATH\View\View.php(216): CodeIgniter\View\View->CodeIgniter\View\{closure}()
10 SYSTEMPATH\Common.php(1135): CodeIgniter\View\View->render('layout/v_wrapper', [], true)
11 APPPATH\Controllers\Kategori.php(13): view('layout/v_wrapper', [...])
12 SYSTEMPATH\CodeIgniter.php(896): App\Controllers\Kategori->index()
13 SYSTEMPATH\CodeIgniter.php(466): CodeIgniter\CodeIgniter->runController(Object(App\Controllers\Kategori))
14 SYSTEMPATH\CodeIgniter.php(349): CodeIgniter\CodeIgniter->handleRequest(null, Object(Config\Cache), false)
15 FCPATH\index.php(55): CodeIgniter\CodeIgniter->run()
16 SYSTEMPATH\Commands\Server\rewrite.php(43): require_once('FCPATH\\index.php')
CRITICAL - 2022-07-01 19:18:04 --> Use of undefined constant DESC - assumed 'DESC' (this will throw an Error in a future version of PHP)
in APPPATH\Models\Model_kategori.php on line 13.
 1 APPPATH\Models\Model_kategori.php(13): CodeIgniter\Debug\Exceptions->errorHandler(2, 'Use of undefined constant DESC - assumed \'DESC\' (this will throw an Error in a future version of PHP)', 'APPPATH\\Models\\Model_kategori.php', 13, [])
 2 APPPATH\Controllers\Kategori.php(19): App\Models\Model_kategori->all_data()
 3 SYSTEMPATH\CodeIgniter.php(896): App\Controllers\Kategori->index()
 4 SYSTEMPATH\CodeIgniter.php(466): CodeIgniter\CodeIgniter->runController(Object(App\Controllers\Kategori))
 5 SYSTEMPATH\CodeIgniter.php(349): CodeIgniter\CodeIgniter->handleRequest(null, Object(Config\Cache), false)
 6 FCPATH\index.php(55): CodeIgniter\CodeIgniter->run()
 7 SYSTEMPATH\Commands\Server\rewrite.php(43): require_once('FCPATH\\index.php')
