CRITICAL - 2022-06-30 02:11:24 --> Call to undefined function form_open()
in APPPATH\Views\v_login.php on line 28.
 1 SYSTEMPATH\View\View.php(213): include()
 2 SYSTEMPATH\View\View.php(216): CodeIgniter\View\View->CodeIgniter\View\{closure}()
 3 SYSTEMPATH\Common.php(1135): CodeIgniter\View\View->render('v_login', [], true)
 4 APPPATH\Controllers\Auth.php(12): view('v_login', [...])
 5 SYSTEMPATH\CodeIgniter.php(896): App\Controllers\Auth->index()
 6 SYSTEMPATH\CodeIgniter.php(466): CodeIgniter\CodeIgniter->runController(Object(App\Controllers\Auth))
 7 SYSTEMPATH\CodeIgniter.php(349): CodeIgniter\CodeIgniter->handleRequest(null, Object(Config\Cache), false)
 8 FCPATH\index.php(55): CodeIgniter\CodeIgniter->run()
 9 SYSTEMPATH\Commands\Server\rewrite.php(43): require_once('FCPATH\\index.php')
CRITICAL - 2022-06-30 09:41:55 --> Class 'App\Controllers\Model_auth' not found
in APPPATH\Controllers\Auth.php on line 10.
 1 SYSTEMPATH\CodeIgniter.php(858): App\Controllers\Auth->__construct()
 2 SYSTEMPATH\CodeIgniter.php(457): CodeIgniter\CodeIgniter->createController()
 3 SYSTEMPATH\CodeIgniter.php(349): CodeIgniter\CodeIgniter->handleRequest(null, Object(Config\Cache), false)
 4 FCPATH\index.php(55): CodeIgniter\CodeIgniter->run()
 5 SYSTEMPATH\Commands\Server\rewrite.php(43): require_once('FCPATH\\index.php')
CRITICAL - 2022-06-30 09:43:07 --> Class 'App\Controllers\Model_auth' not found
in APPPATH\Controllers\Auth.php on line 10.
 1 SYSTEMPATH\CodeIgniter.php(858): App\Controllers\Auth->__construct()
 2 SYSTEMPATH\CodeIgniter.php(457): CodeIgniter\CodeIgniter->createController()
 3 SYSTEMPATH\CodeIgniter.php(349): CodeIgniter\CodeIgniter->handleRequest(null, Object(Config\Cache), false)
 4 FCPATH\index.php(55): CodeIgniter\CodeIgniter->run()
 5 SYSTEMPATH\Commands\Server\rewrite.php(43): require_once('FCPATH\\index.php')
CRITICAL - 2022-06-30 09:43:10 --> Class 'App\Controllers\Model_auth' not found
in APPPATH\Controllers\Auth.php on line 10.
 1 SYSTEMPATH\CodeIgniter.php(858): App\Controllers\Auth->__construct()
 2 SYSTEMPATH\CodeIgniter.php(457): CodeIgniter\CodeIgniter->createController()
 3 SYSTEMPATH\CodeIgniter.php(349): CodeIgniter\CodeIgniter->handleRequest(null, Object(Config\Cache), false)
 4 FCPATH\index.php(55): CodeIgniter\CodeIgniter->run()
 5 SYSTEMPATH\Commands\Server\rewrite.php(43): require_once('FCPATH\\index.php')
ERROR - 2022-06-30 09:44:01 --> Error connecting to the database: No connection could be made because the target machine actively refused it.

CRITICAL - 2022-06-30 09:44:01 --> Unable to connect to the database.
Main connection [MySQLi]: No connection could be made because the target machine actively refused it.

in SYSTEMPATH\Database\BaseConnection.php on line 416.
 1 SYSTEMPATH\Database\BaseConnection.php(586): CodeIgniter\Database\BaseConnection->initialize()
 2 SYSTEMPATH\Database\BaseBuilder.php(1585): CodeIgniter\Database\BaseConnection->query('SELECT *
FROM `tbl_user`
WHERE `email` = :email:
AND `password` = :password:', [...], false)
 3 APPPATH\Models\Model_auth.php(14): CodeIgniter\Database\BaseBuilder->get()
 4 APPPATH\Controllers\Auth.php(43): App\Models\Model_auth->login('themajidgigihsetiawan@gmail.com', '12345')
 5 SYSTEMPATH\CodeIgniter.php(896): App\Controllers\Auth->login()
 6 SYSTEMPATH\CodeIgniter.php(466): CodeIgniter\CodeIgniter->runController(Object(App\Controllers\Auth))
 7 SYSTEMPATH\CodeIgniter.php(349): CodeIgniter\CodeIgniter->handleRequest(null, Object(Config\Cache), false)
 8 FCPATH\index.php(55): CodeIgniter\CodeIgniter->run()
 9 SYSTEMPATH\Commands\Server\rewrite.php(43): require_once('FCPATH\\index.php')
ERROR - 2022-06-30 09:48:08 --> Error connecting to the database: No connection could be made because the target machine actively refused it.

CRITICAL - 2022-06-30 09:48:08 --> Unable to connect to the database.
Main connection [MySQLi]: No connection could be made because the target machine actively refused it.

in SYSTEMPATH\Database\BaseConnection.php on line 416.
 1 SYSTEMPATH\Database\BaseConnection.php(586): CodeIgniter\Database\BaseConnection->initialize()
 2 SYSTEMPATH\Database\BaseBuilder.php(1585): CodeIgniter\Database\BaseConnection->query('SELECT *
FROM `tbl_user`
WHERE `email` = :email:
AND `password` = :password:', [...], false)
 3 APPPATH\Models\Model_auth.php(14): CodeIgniter\Database\BaseBuilder->get()
 4 APPPATH\Controllers\Auth.php(43): App\Models\Model_auth->login('themajidgigihsetiawan@gmail.com', '12345')
 5 SYSTEMPATH\CodeIgniter.php(896): App\Controllers\Auth->login()
 6 SYSTEMPATH\CodeIgniter.php(466): CodeIgniter\CodeIgniter->runController(Object(App\Controllers\Auth))
 7 SYSTEMPATH\CodeIgniter.php(349): CodeIgniter\CodeIgniter->handleRequest(null, Object(Config\Cache), false)
 8 FCPATH\index.php(55): CodeIgniter\CodeIgniter->run()
 9 SYSTEMPATH\Commands\Server\rewrite.php(43): require_once('FCPATH\\index.php')
ERROR - 2022-06-30 10:00:20 --> Error connecting to the database: No connection could be made because the target machine actively refused it.

CRITICAL - 2022-06-30 10:00:20 --> Unable to connect to the database.
Main connection [MySQLi]: No connection could be made because the target machine actively refused it.

in SYSTEMPATH\Database\BaseConnection.php on line 416.
 1 SYSTEMPATH\Database\BaseConnection.php(586): CodeIgniter\Database\BaseConnection->initialize()
 2 SYSTEMPATH\Database\BaseBuilder.php(1585): CodeIgniter\Database\BaseConnection->query('SELECT *
FROM `tbl_user`
WHERE `email` = :email:
AND `password` = :password:', [...], false)
 3 APPPATH\Models\Model_auth.php(14): CodeIgniter\Database\BaseBuilder->get()
 4 APPPATH\Controllers\Auth.php(43): App\Models\Model_auth->login('themajidgigihsetiawan@gmail.com', '12345')
 5 SYSTEMPATH\CodeIgniter.php(896): App\Controllers\Auth->login()
 6 SYSTEMPATH\CodeIgniter.php(466): CodeIgniter\CodeIgniter->runController(Object(App\Controllers\Auth))
 7 SYSTEMPATH\CodeIgniter.php(349): CodeIgniter\CodeIgniter->handleRequest(null, Object(Config\Cache), false)
 8 FCPATH\index.php(55): CodeIgniter\CodeIgniter->run()
 9 SYSTEMPATH\Commands\Server\rewrite.php(43): require_once('FCPATH\\index.php')
ERROR - 2022-06-30 10:03:18 --> Error connecting to the database: No connection could be made because the target machine actively refused it.

CRITICAL - 2022-06-30 10:03:18 --> Unable to connect to the database.
Main connection [MySQLi]: No connection could be made because the target machine actively refused it.

in SYSTEMPATH\Database\BaseConnection.php on line 416.
 1 SYSTEMPATH\Database\BaseConnection.php(586): CodeIgniter\Database\BaseConnection->initialize()
 2 SYSTEMPATH\Database\BaseBuilder.php(1585): CodeIgniter\Database\BaseConnection->query('SELECT *
FROM `tbl_user`
WHERE `email` = :email:
AND `password` = :password:', [...], false)
 3 APPPATH\Models\Model_auth.php(14): CodeIgniter\Database\BaseBuilder->get()
 4 APPPATH\Controllers\Auth.php(43): App\Models\Model_auth->login('themajidgigihsetiawan@gmail.com', '12345')
 5 SYSTEMPATH\CodeIgniter.php(896): App\Controllers\Auth->login()
 6 SYSTEMPATH\CodeIgniter.php(466): CodeIgniter\CodeIgniter->runController(Object(App\Controllers\Auth))
 7 SYSTEMPATH\CodeIgniter.php(349): CodeIgniter\CodeIgniter->handleRequest(null, Object(Config\Cache), false)
 8 FCPATH\index.php(55): CodeIgniter\CodeIgniter->run()
 9 SYSTEMPATH\Commands\Server\rewrite.php(43): require_once('FCPATH\\index.php')
ERROR - 2022-06-30 10:09:47 --> Error connecting to the database: No connection could be made because the target machine actively refused it.

CRITICAL - 2022-06-30 10:09:47 --> Unable to connect to the database.
Main connection [MySQLi]: No connection could be made because the target machine actively refused it.

in SYSTEMPATH\Database\BaseConnection.php on line 416.
 1 SYSTEMPATH\Database\BaseConnection.php(586): CodeIgniter\Database\BaseConnection->initialize()
 2 SYSTEMPATH\Database\BaseBuilder.php(1585): CodeIgniter\Database\BaseConnection->query('SELECT *
FROM `tbl_user`
WHERE `email` = :email:
AND `password` = :password:', [...], false)
 3 APPPATH\Models\Model_auth.php(14): CodeIgniter\Database\BaseBuilder->get()
 4 APPPATH\Controllers\Auth.php(43): App\Models\Model_auth->login('themajidgigihsetiawan@gmail.com', '12345')
 5 SYSTEMPATH\CodeIgniter.php(896): App\Controllers\Auth->login()
 6 SYSTEMPATH\CodeIgniter.php(466): CodeIgniter\CodeIgniter->runController(Object(App\Controllers\Auth))
 7 SYSTEMPATH\CodeIgniter.php(349): CodeIgniter\CodeIgniter->handleRequest(null, Object(Config\Cache), false)
 8 FCPATH\index.php(55): CodeIgniter\CodeIgniter->run()
 9 SYSTEMPATH\Commands\Server\rewrite.php(43): require_once('FCPATH\\index.php')
ERROR - 2022-06-30 10:13:03 --> Error connecting to the database: No connection could be made because the target machine actively refused it.

CRITICAL - 2022-06-30 10:13:03 --> Unable to connect to the database.
Main connection [MySQLi]: No connection could be made because the target machine actively refused it.

in SYSTEMPATH\Database\BaseConnection.php on line 416.
 1 SYSTEMPATH\Database\BaseConnection.php(586): CodeIgniter\Database\BaseConnection->initialize()
 2 SYSTEMPATH\Database\BaseBuilder.php(1585): CodeIgniter\Database\BaseConnection->query('SELECT *
FROM `tbl_user`
WHERE `email` = :email:
AND `password` = :password:', [...], false)
 3 APPPATH\Models\Model_auth.php(14): CodeIgniter\Database\BaseBuilder->get()
 4 APPPATH\Controllers\Auth.php(43): App\Models\Model_auth->login('themajidgigihsetiawan@gmail.com', '12355')
 5 SYSTEMPATH\CodeIgniter.php(896): App\Controllers\Auth->login()
 6 SYSTEMPATH\CodeIgniter.php(466): CodeIgniter\CodeIgniter->runController(Object(App\Controllers\Auth))
 7 SYSTEMPATH\CodeIgniter.php(349): CodeIgniter\CodeIgniter->handleRequest(null, Object(Config\Cache), false)
 8 FCPATH\index.php(55): CodeIgniter\CodeIgniter->run()
 9 SYSTEMPATH\Commands\Server\rewrite.php(43): require_once('FCPATH\\index.php')
CRITICAL - 2022-06-30 10:32:46 --> Class 'Config\Filter_auth' not found
in SYSTEMPATH\Filters\Filters.php on line 166.
 1 SYSTEMPATH\CodeIgniter.php(440): CodeIgniter\Filters\Filters->run('home', 'before')
 2 SYSTEMPATH\CodeIgniter.php(349): CodeIgniter\CodeIgniter->handleRequest(null, Object(Config\Cache), false)
 3 FCPATH\index.php(55): CodeIgniter\CodeIgniter->run()
 4 SYSTEMPATH\Commands\Server\rewrite.php(43): require_once('FCPATH\\index.php')
